2026-04-10 01:30:29,157 - app - INFO - Computing available devices at startup
2026-04-10 01:30:29,157 - app - INFO - Device selection result: available=['cuda', 'cpu'], default=cuda
2026-04-10 01:30:30,399 - httpx - INFO - HTTP Request: GET https://api.gradio.app/pkg-version "HTTP/1.1 200 OK"
2026-04-10 01:30:55,177 - app - INFO - Computing available devices at startup
2026-04-10 01:30:55,178 - app - INFO - Device selection result: available=['cuda', 'cpu'], default=cuda
2026-04-10 01:30:56,340 - httpx - INFO - HTTP Request: GET https://api.gradio.app/pkg-version "HTTP/1.1 200 OK"
2026-04-10 01:31:43,564 - app - INFO - Computing available devices at startup
2026-04-10 01:31:43,564 - app - INFO - Device selection result: available=['cuda', 'cpu'], default=cuda
2026-04-10 01:31:44,921 - httpx - INFO - HTTP Request: GET https://api.gradio.app/pkg-version "HTTP/1.1 200 OK"
2026-04-10 01:33:05,768 - app - INFO - Computing available devices at startup
2026-04-10 01:33:05,768 - app - INFO - Device selection result: available=['cuda', 'cpu'], default=cuda
2026-04-10 01:33:07,134 - httpx - INFO - HTTP Request: GET https://api.gradio.app/pkg-version "HTTP/1.1 200 OK"
2026-04-10 01:33:08,123 - httpx - INFO - HTTP Request: GET https://api.gradio.app/pkg-version "HTTP/1.1 200 OK"
2026-04-10 01:37:09,238 - app - INFO - Computing available devices at startup
2026-04-10 01:37:09,238 - app - INFO - Device selection result: available=['cuda', 'cpu'], default=cuda
2026-04-10 01:37:10,416 - httpx - INFO - HTTP Request: GET https://api.gradio.app/pkg-version "HTTP/1.1 200 OK"
2026-04-10 01:37:11,170 - httpx - INFO - HTTP Request: GET https://api.gradio.app/pkg-version "HTTP/1.1 200 OK"
2026-04-10 01:40:13,990 - app - INFO - Computing available devices at startup
2026-04-10 01:40:13,991 - app - INFO - Device selection result: available=['cuda', 'cpu'], default=cuda
2026-04-10 01:40:15,257 - httpx - INFO - HTTP Request: GET https://api.gradio.app/pkg-version "HTTP/1.1 200 OK"
2026-04-10 01:40:15,927 - httpx - INFO - HTTP Request: GET https://api.gradio.app/pkg-version "HTTP/1.1 200 OK"
2026-04-10 01:41:58,844 - app - INFO - Computing available devices at startup
2026-04-10 01:41:58,844 - app - INFO - Device selection result: available=['cuda', 'cpu'], default=cuda
2026-04-10 01:42:00,052 - httpx - INFO - HTTP Request: GET https://api.gradio.app/pkg-version "HTTP/1.1 200 OK"
2026-04-10 01:44:14,293 - __main__ - INFO - Computing available devices at startup
2026-04-10 01:44:14,294 - __main__ - INFO - Device selection result: available=['cuda', 'cpu'], default=cuda
2026-04-10 01:44:15,515 - httpx - INFO - HTTP Request: GET https://api.gradio.app/pkg-version "HTTP/1.1 200 OK"
2026-04-10 01:44:17,569 - httpx - INFO - HTTP Request: GET http://localhost:7860/gradio_api/startup-events "HTTP/1.1 200 OK"
2026-04-10 01:44:19,710 - httpx - INFO - HTTP Request: HEAD http://localhost:7860/ "HTTP/1.1 200 OK"
2026-04-10 01:52:06,296 - __main__ - INFO - Computing available devices at startup
2026-04-10 01:52:06,296 - __main__ - INFO - Device selection result: available=['cuda', 'cpu'], default=cuda
2026-04-10 01:52:07,735 - httpx - INFO - HTTP Request: GET https://api.gradio.app/pkg-version "HTTP/1.1 200 OK"
2026-04-10 01:52:09,947 - httpx - INFO - HTTP Request: GET http://localhost:7860/gradio_api/startup-events "HTTP/1.1 200 OK"
2026-04-10 01:52:12,156 - httpx - INFO - HTTP Request: HEAD http://localhost:7860/ "HTTP/1.1 200 OK"
2026-04-10 02:01:31,295 - __main__ - INFO - Computing available devices at startup
2026-04-10 02:01:31,296 - __main__ - INFO - Device selection result: available=['cuda', 'cpu'], default=cuda
2026-04-10 02:01:32,591 - httpx - INFO - HTTP Request: GET https://api.gradio.app/pkg-version "HTTP/1.1 200 OK"
2026-04-10 02:01:34,633 - httpx - INFO - HTTP Request: GET http://localhost:7860/gradio_api/startup-events "HTTP/1.1 200 OK"
2026-04-10 02:01:36,775 - httpx - INFO - HTTP Request: HEAD http://localhost:7860/ "HTTP/1.1 200 OK"
2026-04-10 02:07:38,505 - app - INFO - Computing available devices at startup
2026-04-10 02:07:38,505 - app - INFO - Device selection result: available=['cuda', 'cpu'], default=cuda
2026-04-10 02:07:39,734 - httpx - INFO - HTTP Request: GET https://api.gradio.app/pkg-version "HTTP/1.1 200 OK"
2026-04-10 03:07:43,249 - app - INFO - Computing available devices at startup
2026-04-10 03:07:43,249 - app - INFO - Device selection result: available=['cuda', 'cpu'], default=cuda
2026-04-10 03:07:44,476 - httpx - INFO - HTTP Request: GET https://api.gradio.app/pkg-version "HTTP/1.1 200 OK"
2026-04-10 19:12:50,509 - __main__ - INFO - Computing available devices at startup
2026-04-10 19:12:50,510 - __main__ - INFO - Device selection result: available=['cuda', 'cpu'], default=cuda
2026-04-10 19:12:51,886 - httpx - INFO - HTTP Request: GET https://api.gradio.app/pkg-version "HTTP/1.1 200 OK"
2026-04-10 19:12:53,941 - httpx - INFO - HTTP Request: GET http://localhost:7860/gradio_api/startup-events "HTTP/1.1 200 OK"
2026-04-10 19:12:56,276 - httpx - INFO - HTTP Request: HEAD http://localhost:7860/ "HTTP/1.1 200 OK"
2026-04-10 21:19:00,965 - __main__ - INFO - Computing available devices at startup
2026-04-10 21:19:00,965 - __main__ - INFO - Device selection result: available=['cuda', 'cpu'], default=cuda
2026-04-10 21:19:02,250 - httpx - INFO - HTTP Request: GET https://api.gradio.app/pkg-version "HTTP/1.1 200 OK"
2026-04-10 21:19:04,279 - httpx - INFO - HTTP Request: GET http://localhost:7860/gradio_api/startup-events "HTTP/1.1 200 OK"
2026-04-10 21:19:06,445 - httpx - INFO - HTTP Request: HEAD http://localhost:7860/ "HTTP/1.1 200 OK"
2026-04-11 03:12:06,982 - __main__ - INFO - Computing available devices at startup
2026-04-11 03:12:06,982 - __main__ - INFO - Device selection result: available=['cuda', 'cpu'], default=cuda
2026-04-11 03:12:08,371 - httpx - INFO - HTTP Request: GET https://api.gradio.app/pkg-version "HTTP/1.1 200 OK"
2026-04-11 03:12:10,312 - httpx - INFO - HTTP Request: GET http://localhost:7860/gradio_api/startup-events "HTTP/1.1 200 OK"
2026-04-11 03:12:12,558 - httpx - INFO - HTTP Request: HEAD http://localhost:7860/ "HTTP/1.1 200 OK"
2026-04-11 04:10:04,136 - __main__ - INFO - Computing available devices at startup
2026-04-11 04:10:04,136 - __main__ - INFO - Device selection result: available=['cuda', 'cpu'], default=cuda
2026-04-11 04:10:05,597 - httpx - INFO - HTTP Request: GET https://api.gradio.app/pkg-version "HTTP/1.1 200 OK"
2026-04-11 04:10:07,916 - httpx - INFO - HTTP Request: GET http://localhost:7860/gradio_api/startup-events "HTTP/1.1 200 OK"
2026-04-11 04:10:10,227 - httpx - INFO - HTTP Request: HEAD http://localhost:7860/ "HTTP/1.1 200 OK"
2026-04-11 04:13:13,216 - __main__ - INFO - Computing available devices at startup
2026-04-11 04:13:13,216 - __main__ - INFO - Device selection result: available=['cuda', 'cpu'], default=cuda
2026-04-11 04:13:14,632 - httpx - INFO - HTTP Request: GET https://api.gradio.app/pkg-version "HTTP/1.1 200 OK"
2026-04-11 04:14:20,548 - __main__ - INFO - Computing available devices at startup
2026-04-11 04:14:20,548 - __main__ - INFO - Device selection result: available=['cuda', 'cpu'], default=cuda
2026-04-11 04:14:21,784 - httpx - INFO - HTTP Request: GET https://api.gradio.app/pkg-version "HTTP/1.1 200 OK"
2026-04-11 04:14:29,884 - httpx - INFO - HTTP Request: GET http://localhost:7860/gradio_api/startup-events "HTTP/1.1 200 OK"
2026-04-11 04:14:32,043 - httpx - INFO - HTTP Request: HEAD http://localhost:7860/ "HTTP/1.1 200 OK"
2026-04-11 04:16:21,698 - __main__ - INFO - Computing available devices at startup
2026-04-11 04:16:21,698 - __main__ - INFO - Device selection result: available=['cuda', 'cpu'], default=cuda
2026-04-11 04:16:23,043 - httpx - INFO - HTTP Request: GET https://api.gradio.app/pkg-version "HTTP/1.1 200 OK"
2026-04-11 04:16:40,033 - __main__ - INFO - Computing available devices at startup
2026-04-11 04:16:40,033 - __main__ - INFO - Device selection result: available=['cuda', 'cpu'], default=cuda
2026-04-11 04:16:41,397 - httpx - INFO - HTTP Request: GET https://api.gradio.app/pkg-version "HTTP/1.1 200 OK"
2026-04-11 04:16:43,549 - httpx - INFO - HTTP Request: GET http://localhost:7860/gradio_api/startup-events "HTTP/1.1 200 OK"
2026-04-11 04:16:45,781 - httpx - INFO - HTTP Request: HEAD http://localhost:7860/ "HTTP/1.1 200 OK"
2026-04-12 15:05:28,281 - __main__ - INFO - Computing available devices at startup
2026-04-12 15:05:28,282 - __main__ - INFO - Device selection result: available=['cuda', 'cpu'], default=cuda
2026-04-12 15:05:29,550 - httpx - INFO - HTTP Request: GET https://api.gradio.app/pkg-version "HTTP/1.1 200 OK"
2026-04-12 15:05:31,592 - httpx - INFO - HTTP Request: GET http://localhost:7860/gradio_api/startup-events "HTTP/1.1 200 OK"
2026-04-12 15:05:33,894 - httpx - INFO - HTTP Request: HEAD http://localhost:7860/ "HTTP/1.1 200 OK"
2026-04-12 15:40:05,169 - __main__ - INFO - Computing available devices at startup
2026-04-12 15:40:05,170 - __main__ - INFO - Device selection result: available=['cuda', 'cpu'], default=cuda
2026-04-12 15:40:06,642 - httpx - INFO - HTTP Request: GET https://api.gradio.app/pkg-version "HTTP/1.1 200 OK"
2026-04-12 15:40:08,727 - httpx - INFO - HTTP Request: GET http://localhost:7860/gradio_api/startup-events "HTTP/1.1 200 OK"
2026-04-12 15:40:10,980 - httpx - INFO - HTTP Request: HEAD http://localhost:7860/ "HTTP/1.1 200 OK"
2026-04-12 15:57:04,597 - __main__ - INFO - Computing available devices at startup
2026-04-12 15:57:04,597 - __main__ - INFO - Device selection result: available=['cuda', 'cpu'], default=cuda
2026-04-12 15:57:06,061 - httpx - INFO - HTTP Request: GET https://api.gradio.app/pkg-version "HTTP/1.1 200 OK"
2026-04-12 15:57:08,140 - httpx - INFO - HTTP Request: GET http://localhost:7860/gradio_api/startup-events "HTTP/1.1 200 OK"
2026-04-12 15:57:10,328 - httpx - INFO - HTTP Request: HEAD http://localhost:7860/ "HTTP/1.1 200 OK"
2026-04-13 01:25:27,842 - __main__ - INFO - Computing available devices at startup
2026-04-13 01:25:27,842 - __main__ - INFO - Device selection result: available=['cuda', 'cpu'], default=cuda
2026-04-13 01:25:29,138 - httpx - INFO - HTTP Request: GET https://api.gradio.app/pkg-version "HTTP/1.1 200 OK"
2026-04-13 01:25:31,222 - httpx - INFO - HTTP Request: GET http://localhost:7860/gradio_api/startup-events "HTTP/1.1 200 OK"
2026-04-13 01:25:33,551 - httpx - INFO - HTTP Request: HEAD http://localhost:7860/ "HTTP/1.1 200 OK"
2026-04-13 01:45:08,576 - __main__ - INFO - Computing available devices at startup
2026-04-13 01:45:08,577 - __main__ - INFO - Device selection result: available=['cuda', 'cpu'], default=cuda
2026-04-13 01:45:09,837 - httpx - INFO - HTTP Request: GET https://api.gradio.app/pkg-version "HTTP/1.1 200 OK"
2026-04-13 01:45:11,866 - httpx - INFO - HTTP Request: GET http://localhost:7860/gradio_api/startup-events "HTTP/1.1 200 OK"
2026-04-13 01:45:14,008 - httpx - INFO - HTTP Request: HEAD http://localhost:7860/ "HTTP/1.1 200 OK"
2026-04-13 02:20:42,571 - __main__ - INFO - Computing available devices at startup
2026-04-13 02:20:42,571 - __main__ - INFO - Device selection result: available=['cuda', 'cpu'], default=cuda
2026-04-13 02:20:43,957 - httpx - INFO - HTTP Request: GET https://api.gradio.app/pkg-version "HTTP/1.1 200 OK"
2026-04-13 02:20:46,144 - httpx - INFO - HTTP Request: GET http://localhost:7860/gradio_api/startup-events "HTTP/1.1 200 OK"
2026-04-13 02:20:48,279 - httpx - INFO - HTTP Request: HEAD http://localhost:7860/ "HTTP/1.1 200 OK"
2026-04-13 02:42:15,452 - __main__ - INFO - Computing available devices at startup
2026-04-13 02:42:15,452 - __main__ - INFO - Device selection result: available=['cuda', 'cpu'], default=cuda
2026-04-13 02:42:16,907 - httpx - INFO - HTTP Request: GET https://api.gradio.app/pkg-version "HTTP/1.1 200 OK"
2026-04-13 02:51:44,774 - src.audio.whisper_transcribe_helper - WARNING - Failed to configure ffmpeg via imageio-ffmpeg: No module named 'imageio_ffmpeg'
2026-04-13 02:51:44,776 - __main__ - INFO - Computing available devices at startup
2026-04-13 02:51:44,776 - __main__ - INFO - Device selection result: available=['cuda', 'cpu'], default=cuda
2026-04-13 02:51:45,689 - httpx - INFO - HTTP Request: HEAD https://huggingface.co/api/telemetry/https%3A/api.gradio.app/gradio-initiated-analytics "HTTP/1.1 200 OK"
2026-04-13 02:51:46,236 - httpx - INFO - HTTP Request: GET https://api.gradio.app/pkg-version "HTTP/1.1 200 OK"
2026-04-13 02:57:59,405 - __main__ - INFO - Computing available devices at startup
2026-04-13 02:57:59,405 - __main__ - INFO - Device selection result: available=['cuda', 'cpu'], default=cuda
2026-04-13 02:58:00,760 - httpx - INFO - HTTP Request: GET https://api.gradio.app/pkg-version "HTTP/1.1 200 OK"
2026-04-13 02:58:02,724 - httpx - INFO - HTTP Request: GET http://localhost:7860/gradio_api/startup-events "HTTP/1.1 200 OK"
2026-04-13 02:58:04,891 - httpx - INFO - HTTP Request: HEAD http://localhost:7860/ "HTTP/1.1 200 OK"
2026-04-13 03:07:18,020 - src.audio.whisper_transcribe_helper - WARNING - Failed to configure ffmpeg via imageio-ffmpeg: No module named 'imageio_ffmpeg'
2026-04-13 03:07:18,021 - app - INFO - Computing available devices at startup
2026-04-13 03:07:18,021 - app - INFO - Device selection result: available=['cuda', 'cpu'], default=cuda
2026-04-13 03:07:18,716 - httpx - INFO - HTTP Request: HEAD https://huggingface.co/api/telemetry/https%3A/api.gradio.app/gradio-initiated-analytics "HTTP/1.1 200 OK"
2026-04-13 03:07:19,275 - httpx - INFO - HTTP Request: GET https://api.gradio.app/pkg-version "HTTP/1.1 200 OK"
2026-04-14 22:46:02,993 - __main__ - INFO - Computing available devices at startup
2026-04-14 22:46:02,993 - __main__ - INFO - Device selection result: available=['cuda', 'cpu'], default=cuda
2026-04-14 22:46:04,406 - httpx - INFO - HTTP Request: GET https://api.gradio.app/pkg-version "HTTP/1.1 200 OK"
2026-04-14 22:46:06,634 - httpx - INFO - HTTP Request: GET http://localhost:7860/gradio_api/startup-events "HTTP/1.1 200 OK"
2026-04-14 22:46:08,978 - httpx - INFO - HTTP Request: HEAD http://localhost:7860/ "HTTP/1.1 200 OK"
